<?xml version="1.0" encoding="UTF-8"?>
<!-- Generated by org.testng.reporters.JUnitReportReporter -->
<testsuite hostname="ubuntudell1" name="HelloWorld" tests="1" failures="0" timestamp="12 Oct 2013 13:17:57 GMT" time="0.005" errors="0">
  <testcase name="testMe" time="0.005" classname="HelloWorld"/>
</testsuite> <!-- HelloWorld -->
